<?xml version="1.0" encoding="UTF-8" ?>
<testsuite tests="19" failures="0" name="TestUnit_AssignmentTest" time="0.001" errors="0" skipped="0">
  <properties>
[...]
</properties>
  <testcase classname="TestUnit_AssignmentTest" name="TestUnit_AssignmentTest.testVowelCountWithSpecialCharacters" time="0.001"/>
  <testcase classname="TestUnit_AssignmentTest" name="TestUnit_AssignmentTest.testDigitCountWithSpecialCharacters" time="0"/>
  <testcase classname="TestUnit_AssignmentTest" name="TestUnit_AssignmentTest.testVowelCountAlphaNumerics" time="0"/>
  <testcase classname="TestUnit_AssignmentTest" name="TestUnit_AssignmentTest.testVowelCountSpacesOnly" time="0"/>
  <testcase classname="TestUnit_AssignmentTest" name="TestUnit_AssignmentTest.testDigitCountEmptyString" time="0"/>
  <testcase classname="TestUnit_AssignmentTest" name="TestUnit_AssignmentTest.testDigitCountAlphaNumerics" time="0"/>
  <testcase classname="TestUnit_AssignmentTest" name="TestUnit_AssignmentTest.testDigitWithForeignCharacters" time="0"/>
  <testcase classname="TestUnit_AssignmentTest" name="TestUnit_AssignmentTest.testCharCountEmptyString" time="0"/>
  <testcase classname="TestUnit_AssignmentTest" name="TestUnit_AssignmentTest.testCharCountWithSpecialCharacters" time="0"/>
  <testcase classname="TestUnit_AssignmentTest" name="TestUnit_AssignmentTest.testVowelWithCaptialAndSmallVowels" time="0"/>
  <testcase classname="TestUnit_AssignmentTest" name="TestUnit_AssignmentTest.testCharCountAlphaNumerics" time="0"/>
  <testcase classname="TestUnit_AssignmentTest" name="TestUnit_AssignmentTest.testCharCountSpacesOnly" time="0"/>
  <testcase classname="TestUnit_AssignmentTest" name="TestUnit_AssignmentTest.testVowelWithForeignCharacters" time="0"/>
  <testcase classname="TestUnit_AssignmentTest" name="TestUnit_AssignmentTest.testVowelCountEmptyString" time="0"/>
  <testcase classname="TestUnit_AssignmentTest" name="TestUnit_AssignmentTest.testCharWithForeignCharacters" time="0"/>
  <testcase classname="TestUnit_AssignmentTest" name="TestUnit_AssignmentTest.testDigitCountSpacesOnly" time="0"/>
  <testcase classname="TestUnit_AssignmentTest" name="TestUnit_AssignmentTest.testVowelCountNull" time="0"/>
  <testcase classname="TestUnit_AssignmentTest" name="TestUnit_AssignmentTest.testDigitCountNull" time="0"/>
  <testcase classname="TestUnit_AssignmentTest" name="TestUnit_AssignmentTest.testCharCountNull" time="0"/>
</testsuite>